# JRE version: OpenJDK Runtime Environment (8.0_212-b04) (build 1.8.0_212-release-1586-b04)
# Java VM: OpenJDK 64-Bit Server VM (25.212-b04 mixed mode windows-amd64 compressed oops)
Heap:
 PSYoungGen      total 228864K, used 54744K [0x00000000eab00000, 0x00000000ff280000, 0x0000000100000000)
  eden space 125952K, 33% used [0x00000000eab00000,0x00000000ed419a30,0x00000000f2600000)
  from space 102912K, 12% used [0x00000000f2600000,0x00000000f325c7f0,0x00000000f8a80000)
  to   space 99840K, 0% used [0x00000000f9100000,0x00000000f9100000,0x00000000ff280000)
 ParOldGen       total 609280K, used 453319K [0x00000000c0000000, 0x00000000e5300000, 0x00000000eab00000)
  object space 609280K, 74% used [0x00000000c0000000,0x00000000dbab1cb0,0x00000000e5300000)
 Metaspace       used 109992K, capacity 116800K, committed 116952K, reserved 1150976K
  class space    used 13748K, capacity 15036K, committed 15104K, reserved 1048576K
GC Heap History (10 events):
Event: 5545.450 GC heap before
{Heap before GC invocations=252 (full 17):
 PSYoungGen      total 232960K, used 172519K [0x00000000eab00000, 0x0000000100000000, 0x0000000100000000)
  eden space 116736K, 99% used [0x00000000eab00000,0x00000000f1cc8c78,0x00000000f1d00000)
  from space 116224K, 48% used [0x00000000f8e80000,0x00000000fc530fc0,0x0000000100000000)
  to   space 116224K, 0% used [0x00000000f1d00000,0x00000000f1d00000,0x00000000f8e80000)
 ParOldGen       total 609280K, used 340066K [0x00000000c0000000, 0x00000000e5300000, 0x00000000eab00000)
  object space 609280K, 55% used [0x00000000c0000000,0x00000000d4c18900,0x00000000e5300000)
 Metaspace       used 109878K, capacity 116574K, committed 116696K, reserved 1150976K
  class space    used 13744K, capacity 15029K, committed 15104K, reserved 1048576K
Event: 5545.642 GC heap after
Heap after GC invocations=252 (full 17):
 PSYoungGen      total 232960K, used 11457K [0x00000000eab00000, 0x0000000100000000, 0x0000000100000000)
  eden space 116736K, 0% used [0x00000000eab00000,0x00000000eab00000,0x00000000f1d00000)
  from space 116224K, 9% used [0x00000000f1d00000,0x00000000f28307e8,0x00000000f8e80000)
  to   space 116224K, 0% used [0x00000000f8e80000,0x00000000f8e80000,0x0000000100000000)
 ParOldGen       total 609280K, used 395378K [0x00000000c0000000, 0x00000000e5300000, 0x00000000eab00000)
  object space 609280K, 64% used [0x00000000c0000000,0x00000000d821cac8,0x00000000e5300000)
 Metaspace       used 109878K, capacity 116574K, committed 116696K, reserved 1150976K
  class space    used 13744K, capacity 15029K, committed 15104K, reserved 1048576K
}
Event: 5549.879 GC heap before
{Heap before GC invocations=253 (full 17):
 PSYoungGen      total 232960K, used 128193K [0x00000000eab00000, 0x0000000100000000, 0x0000000100000000)
  eden space 116736K, 100% used [0x00000000eab00000,0x00000000f1d00000,0x00000000f1d00000)
  from space 116224K, 9% used [0x00000000f1d00000,0x00000000f28307e8,0x00000000f8e80000)
  to   space 116224K, 0% used [0x00000000f8e80000,0x00000000f8e80000,0x0000000100000000)
 ParOldGen       total 609280K, used 395378K [0x00000000c0000000, 0x00000000e5300000, 0x00000000eab00000)
  object space 609280K, 64% used [0x00000000c0000000,0x00000000d821cac8,0x00000000e5300000)
 Metaspace       used 109895K, capacity 116638K, committed 116952K, reserved 1150976K
  class space    used 13744K, capacity 15029K, committed 15104K, reserved 1048576K
Event: 5550.074 GC heap after
Heap after GC invocations=253 (full 17):
 PSYoungGen      total 231936K, used 26151K [0x00000000eab00000, 0x00000000fff00000, 0x0000000100000000)
  eden space 116736K, 0% used [0x00000000eab00000,0x00000000eab00000,0x00000000f1d00000)
  from space 115200K, 22% used [0x00000000f8e80000,0x00000000fa809fc0,0x00000000fff00000)
  to   space 115712K, 0% used [0x00000000f1d00000,0x00000000f1d00000,0x00000000f8e00000)
 ParOldGen       total 609280K, used 405756K [0x00000000c0000000, 0x00000000e5300000, 0x00000000eab00000)
  object space 609280K, 66% used [0x00000000c0000000,0x00000000d8c3f028,0x00000000e5300000)
 Metaspace       used 109895K, capacity 116638K, committed 116952K, reserved 1150976K
  class space    used 13744K, capacity 15029K, committed 15104K, reserved 1048576K
}
Event: 5551.727 GC heap before
{Heap before GC invocations=254 (full 17):
 PSYoungGen      total 231936K, used 142834K [0x00000000eab00000, 0x00000000fff00000, 0x0000000100000000)
  eden space 116736K, 99% used [0x00000000eab00000,0x00000000f1cf2908,0x00000000f1d00000)
  from space 115200K, 22% used [0x00000000f8e80000,0x00000000fa809fc0,0x00000000fff00000)
  to   space 115712K, 0% used [0x00000000f1d00000,0x00000000f1d00000,0x00000000f8e00000)
 ParOldGen       total 609280K, used 405756K [0x00000000c0000000, 0x00000000e5300000, 0x00000000eab00000)
  object space 609280K, 66% used [0x00000000c0000000,0x00000000d8c3f028,0x00000000e5300000)
 Metaspace       used 109982K, capacity 116800K, committed 116952K, reserved 1150976K
  class space    used 13748K, capacity 15036K, committed 15104K, reserved 1048576K
Event: 5551.813 GC heap after
Heap after GC invocations=254 (full 17):
 PSYoungGen      total 137728K, used 20552K [0x00000000eab00000, 0x00000000ff680000, 0x0000000100000000)
  eden space 116736K, 0% used [0x00000000eab00000,0x00000000eab00000,0x00000000f1d00000)
  from space 20992K, 97% used [0x00000000f1d00000,0x00000000f3112258,0x00000000f3180000)
  to   space 110592K, 0% used [0x00000000f8a80000,0x00000000f8a80000,0x00000000ff680000)
 ParOldGen       total 609280K, used 429589K [0x00000000c0000000, 0x00000000e5300000, 0x00000000eab00000)
  object space 609280K, 70% used [0x00000000c0000000,0x00000000da385438,0x00000000e5300000)
 Metaspace       used 109982K, capacity 116800K, committed 116952K, reserved 1150976K
  class space    used 13748K, capacity 15036K, committed 15104K, reserved 1048576K
}
Event: 5552.810 GC heap before
{Heap before GC invocations=255 (full 17):
 PSYoungGen      total 137728K, used 137059K [0x00000000eab00000, 0x00000000ff680000, 0x0000000100000000)
  eden space 116736K, 99% used [0x00000000eab00000,0x00000000f1cc6a78,0x00000000f1d00000)
  from space 20992K, 97% used [0x00000000f1d00000,0x00000000f3112258,0x00000000f3180000)
  to   space 110592K, 0% used [0x00000000f8a80000,0x00000000f8a80000,0x00000000ff680000)
 ParOldGen       total 609280K, used 429589K [0x00000000c0000000, 0x00000000e5300000, 0x00000000eab00000)
  object space 609280K, 70% used [0x00000000c0000000,0x00000000da385438,0x00000000e5300000)
 Metaspace       used 109983K, capacity 116800K, committed 116952K, reserved 1150976K
  class space    used 13748K, capacity 15036K, committed 15104K, reserved 1048576K
Event: 5552.881 GC heap after
Heap after GC invocations=255 (full 17):
 PSYoungGen      total 236544K, used 32424K [0x00000000eab00000, 0x00000000ff700000, 0x0000000100000000)
  eden space 125952K, 0% used [0x00000000eab00000,0x00000000eab00000,0x00000000f2600000)
  from space 110592K, 29% used [0x00000000f8a80000,0x00000000faa2a030,0x00000000ff680000)
  to   space 102912K, 0% used [0x00000000f2600000,0x00000000f2600000,0x00000000f8a80000)
 ParOldGen       total 609280K, used 443430K [0x00000000c0000000, 0x00000000e5300000, 0x00000000eab00000)
  object space 609280K, 72% used [0x00000000c0000000,0x00000000db109858,0x00000000e5300000)
 Metaspace       used 109983K, capacity 116800K, committed 116952K, reserved 1150976K
  class space    used 13748K, capacity 15036K, committed 15104K, reserved 1048576K
}
Event: 5553.732 GC heap before
{Heap before GC invocations=256 (full 17):
 PSYoungGen      total 236544K, used 155547K [0x00000000eab00000, 0x00000000ff700000, 0x0000000100000000)
  eden space 125952K, 97% used [0x00000000eab00000,0x00000000f233cf08,0x00000000f2600000)
  from space 110592K, 29% used [0x00000000f8a80000,0x00000000faa2a030,0x00000000ff680000)
  to   space 102912K, 0% used [0x00000000f2600000,0x00000000f2600000,0x00000000f8a80000)
 ParOldGen       total 609280K, used 443430K [0x00000000c0000000, 0x00000000e5300000, 0x00000000eab00000)
  object space 609280K, 72% used [0x00000000c0000000,0x00000000db109858,0x00000000e5300000)
 Metaspace       used 109985K, capacity 116800K, committed 116952K, reserved 1150976K
  class space    used 13748K, capacity 15036K, committed 15104K, reserved 1048576K
Event: 5553.753 GC heap after
Heap after GC invocations=256 (full 17):
 PSYoungGen      total 228864K, used 12657K [0x00000000eab00000, 0x00000000ff280000, 0x0000000100000000)
  eden space 125952K, 0% used [0x00000000eab00000,0x00000000eab00000,0x00000000f2600000)
  from space 102912K, 12% used [0x00000000f2600000,0x00000000f325c7f0,0x00000000f8a80000)
  to   space 99840K, 0% used [0x00000000f9100000,0x00000000f9100000,0x00000000ff280000)
 ParOldGen       total 609280K, used 453319K [0x00000000c0000000, 0x00000000e5300000, 0x00000000eab00000)
  object space 609280K, 74% used [0x00000000c0000000,0x00000000dbab1cb0,0x00000000e5300000)
 Metaspace       used 109985K, capacity 116800K, committed 116952K, reserved 1150976K
  class space    used 13748K, capacity 15036K, committed 15104K, reserved 1048576K
}

